<?xml version="1.0" encoding="UTF-8"?>
<testng-results ignored="0" total="2" passed="2" failed="0" skipped="0">
  <reporter-output>
  </reporter-output>
  <suite started-at="2023-09-09T00:49:04 IST" name="Suite_FB" finished-at="2023-09-09T00:49:04 IST" duration-ms="0">
    <groups>
    </groups>
  </suite> <!-- Suite_FB -->
  <suite started-at="2023-09-09T00:48:25 IST" name="Suite_login" finished-at="2023-09-09T00:49:03 IST" duration-ms="38464">
    <groups>
    </groups>
    <test started-at="2023-09-09T00:48:25 IST" name="Test_FB_login_chrome" finished-at="2023-09-09T00:48:45 IST" duration-ms="20436">
      <class name="com.facebook.testcases.TC001_fb_logon">
        <test-method is-config="true" signature="browserSetup(java.lang.String)[pri:0, instance:com.facebook.testcases.TC001_fb_logon@dbd8e44]" started-at="2023-09-09T00:48:25 IST" name="browserSetup" finished-at="2023-09-09T00:48:38 IST" duration-ms="12778" status="PASS">
          <params>
            <param index="0">
              <value>
                <![CDATA[chrome]]>
              </value>
            </param>
          </params>
          <reporter-output>
          </reporter-output>
        </test-method> <!-- browserSetup -->
        <test-method signature="verifyLogin()[pri:0, instance:com.facebook.testcases.TC001_fb_logon@dbd8e44]" started-at="2023-09-09T00:48:38 IST" name="verifyLogin" finished-at="2023-09-09T00:48:45 IST" duration-ms="7098" status="PASS">
          <reporter-output>
          </reporter-output>
        </test-method> <!-- verifyLogin -->
        <test-method is-config="true" signature="teardown()[pri:0, instance:com.facebook.testcases.TC001_fb_logon@dbd8e44]" started-at="2023-09-09T00:48:45 IST" name="teardown" finished-at="2023-09-09T00:48:45 IST" duration-ms="461" status="PASS">
          <reporter-output>
          </reporter-output>
        </test-method> <!-- teardown -->
      </class> <!-- com.facebook.testcases.TC001_fb_logon -->
    </test> <!-- Test_FB_login_chrome -->
    <test started-at="2023-09-09T00:48:46 IST" name="Test_FB_login_edge" finished-at="2023-09-09T00:49:03 IST" duration-ms="17102">
      <class name="com.facebook.testcases.TC001_fb_logon">
        <test-method is-config="true" signature="browserSetup(java.lang.String)[pri:0, instance:com.facebook.testcases.TC001_fb_logon@22295ec4]" started-at="2023-09-09T00:48:46 IST" name="browserSetup" finished-at="2023-09-09T00:48:55 IST" duration-ms="9111" status="PASS">
          <params>
            <param index="0">
              <value>
                <![CDATA[edge]]>
              </value>
            </param>
          </params>
          <reporter-output>
          </reporter-output>
        </test-method> <!-- browserSetup -->
        <test-method signature="verifyLogin()[pri:0, instance:com.facebook.testcases.TC001_fb_logon@22295ec4]" started-at="2023-09-09T00:48:55 IST" name="verifyLogin" finished-at="2023-09-09T00:49:03 IST" duration-ms="7394" status="PASS">
          <reporter-output>
          </reporter-output>
        </test-method> <!-- verifyLogin -->
        <test-method is-config="true" signature="teardown()[pri:0, instance:com.facebook.testcases.TC001_fb_logon@22295ec4]" started-at="2023-09-09T00:49:03 IST" name="teardown" finished-at="2023-09-09T00:49:03 IST" duration-ms="594" status="PASS">
          <reporter-output>
          </reporter-output>
        </test-method> <!-- teardown -->
      </class> <!-- com.facebook.testcases.TC001_fb_logon -->
    </test> <!-- Test_FB_login_edge -->
  </suite> <!-- Suite_login -->
</testng-results>
